<?xml version="1.0" encoding="UTF-8"?>
<!-- Generated by org.testng.reporters.JUnitReportReporter -->
<testsuite hostname="LAPTOP-2AS3KFB2" failures="0" tests="1" name="HomeWork.Task1" time="6.896" errors="0" timestamp="2024-07-20T12:23:37 IST" skipped="0">
  <testcase classname="HomeWork.Task1" name="register" time="6.896"/>
</testsuite> <!-- HomeWork.Task1 -->
