<?xml version="1.0" encoding="UTF-8"?>
<!-- Generated by org.testng.reporters.JUnitReportReporter -->
<testsuite hostname="LAPTOP-2AS3KFB2" failures="0" tests="1" name="Task1.shoo4" time="67.975" errors="0" timestamp="2024-07-20T10:46:13 IST" skipped="0">
  <testcase classname="Task1.shoo4" name="myntra" time="67.975">
    <system-out>
      <![CDATA[myntra
onTestSuccess]]>
    </system-out>
  </testcase> <!-- myntra -->
  <system-out>
    <![CDATA[onStart
mochi
onTestSuccess
myntra
onTestSuccess
flipkart
onTestSuccess
amazon
onTestSuccess
royalEnfies
onTestSuccess
Bik1
onTestSuccess
FlipKart
onTestSuccess]]>
  </system-out>
</testsuite> <!-- Task1.shoo4 -->
