<?xml version="1.0" encoding="UTF-8"?>
<!-- Generated by org.testng.reporters.JUnitReportReporter -->
<testsuite hostname="LAPTOP-2AS3KFB2" failures="0" tests="7" name="TestngBasic.MultipleTestCases" time="216.203" errors="0" timestamp="2024-07-09T11:29:04 IST" skipped="0">
  <testcase classname="TestngBasic.MultipleTestCases" name="bcb" time="46.975"/>
  <testcase classname="TestngBasic.MultipleTestCases" name="bcb" time="47.164"/>
  <testcase classname="TestngBasic.MultipleTestCases" name="csk" time="21.132"/>
  <testcase classname="TestngBasic.MultipleTestCases" name="csk" time="20.912"/>
  <testcase classname="TestngBasic.MultipleTestCases" name="bomato" time="17.787"/>
  <testcase classname="TestngBasic.MultipleTestCases" name="bomato" time="16.524"/>
  <testcase classname="TestngBasic.MultipleTestCases" name="bcb" time="45.709"/>
</testsuite> <!-- TestngBasic.MultipleTestCases -->
