<?xml version="1.0" encoding="UTF-8"?>
<!-- Generated by org.testng.reporters.JUnitReportReporter -->
<testsuite hostname="LAPTOP-2AS3KFB2" failures="0" tests="7" name="TestngBasic.HelperExample" time="205.721" errors="0" timestamp="2024-07-11T10:35:40 IST" skipped="0">
  <testcase classname="TestngBasic.HelperExample" name="zomato" time="20.800"/>
  <testcase classname="TestngBasic.HelperExample" name="zomato" time="20.956"/>
  <testcase classname="TestngBasic.HelperExample" name="swiggy" time="15.918"/>
  <testcase classname="TestngBasic.HelperExample" name="swiggy" time="15.951"/>
  <testcase classname="TestngBasic.HelperExample" name="freesh" time="45.039"/>
  <testcase classname="TestngBasic.HelperExample" name="freesh" time="42.971"/>
  <testcase classname="TestngBasic.HelperExample" name="freesh" time="44.086"/>
</testsuite> <!-- TestngBasic.HelperExample -->
