<?xml version="1.0" encoding="UTF-8"?>
<!-- Generated by org.testng.reporters.JUnitReportReporter -->
<testsuite hostname="LAPTOP-2AS3KFB2" failures="0" tests="1" name="extendReport.sampleRepot" time="3.542" errors="0" timestamp="2024-07-29T11:11:50 IST" skipped="0">
  <testcase classname="extendReport.sampleRepot" name="basucReport" time="3.542"/>
</testsuite> <!-- extendReport.sampleRepot -->
