<?xml version="1.0" encoding="UTF-8"?>
<!-- Generated by org.testng.reporters.JUnitReportReporter -->
<testsuite hostname="LAPTOP-2AS3KFB2" failures="0" tests="1" name="dataProvider.HardAssertion" time="22.227" errors="0" timestamp="2024-07-17T11:49:29 IST" skipped="0">
  <testcase classname="dataProvider.HardAssertion" name="main" time="22.227"/>
</testsuite> <!-- dataProvider.HardAssertion -->
