<?xml version="1.0" encoding="UTF-8"?>
<!-- Generated by org.testng.reporters.JUnitReportReporter -->
<testsuite hostname="LAPTOP-2AS3KFB2" failures="0" tests="1" name="Task1.shees1" time="54.971" errors="0" timestamp="2024-07-20T10:46:13 IST" skipped="0">
  <testcase classname="Task1.shees1" name="flipkart" time="54.971">
    <system-out>
      <![CDATA[flipkart
onTestSuccess]]>
    </system-out>
  </testcase> <!-- flipkart -->
  <system-out>
    <![CDATA[onStart
mochi
onTestSuccess
myntra
onTestSuccess
flipkart
onTestSuccess
amazon
onTestSuccess
royalEnfies
onTestSuccess
Bik1
onTestSuccess
FlipKart
onTestSuccess]]>
  </system-out>
</testsuite> <!-- Task1.shees1 -->
