<?xml version="1.0" encoding="UTF-8"?>
<!-- Generated by org.testng.reporters.JUnitReportReporter -->
<testsuite hostname="LAPTOP-2AS3KFB2" failures="0" tests="1" name="pageObjectModel1.LoginFunction" time="19.103" errors="0" timestamp="2024-07-17T12:17:39 IST" skipped="0">
  <testcase classname="pageObjectModel1.LoginFunction" name="main" time="19.103"/>
</testsuite> <!-- pageObjectModel1.LoginFunction -->
