<?xml version="1.0" encoding="UTF-8"?>
<!-- Generated by org.testng.reporters.JUnitReportReporter -->
<testsuite hostname="LAPTOP-2AS3KFB2" failures="0" tests="2" name="dataProvider.StoreData" time="47.026" errors="0" timestamp="2024-07-15T11:14:41 IST" skipped="0">
  <testcase classname="dataProvider.StoreData" name="reciver" time="18.386"/>
  <testcase classname="dataProvider.StoreData" name="reciver" time="28.640"/>
</testsuite> <!-- dataProvider.StoreData -->
