<?xml version="1.0" encoding="UTF-8"?>
<!-- Generated by org.testng.reporters.JUnitReportReporter -->
<testsuite hostname="LAPTOP-2AS3KFB2" failures="0" tests="1" name="Task2.Bike" time="8.797" errors="0" timestamp="2024-07-20T10:46:13 IST" skipped="0">
  <testcase classname="Task2.Bike" name="Bik1" time="8.797">
    <system-out>
      <![CDATA[Bik1
onTestSuccess]]>
    </system-out>
  </testcase> <!-- Bik1 -->
  <system-out>
    <![CDATA[onStart
mochi
onTestSuccess
myntra
onTestSuccess
flipkart
onTestSuccess
amazon
onTestSuccess
royalEnfies
onTestSuccess
Bik1
onTestSuccess
FlipKart
onTestSuccess]]>
  </system-out>
</testsuite> <!-- Task2.Bike -->
