<?xml version="1.0" encoding="UTF-8"?>
<!-- Generated by org.testng.reporters.JUnitReportReporter -->
<testsuite hostname="LAPTOP-2AS3KFB2" failures="0" tests="1" name="Chronological.ChronologicalAnnotation" time="0.046" errors="0" timestamp="2024-07-12T10:52:24 IST" skipped="0">
  <testcase classname="Chronological.ChronologicalAnnotation" name="testCase" time="0.046"/>
</testsuite> <!-- Chronological.ChronologicalAnnotation -->
